<?xml version="1.0" encoding="UTF-8"?>
<!-- Generated by org.testng.reporters.JUnitReportReporter -->
<testsuite hostname="TrangLe-PC" name="com.vsii.tsc.TSCSelenium03.tranglt.Test.RegisterTest" tests="1" failures="0" timestamp="3 Mar 2016 06:03:31 GMT" time="11.466" errors="0">
  <testcase name="testregisSucc" time="11.466" classname="com.vsii.tsc.TSCSelenium03.tranglt.Test.RegisterTest"/>
</testsuite> <!-- com.vsii.tsc.TSCSelenium03.tranglt.Test.RegisterTest -->
