<?xml version="1.0" encoding="UTF-8"?>
<!-- Generated by org.testng.reporters.JUnitReportReporter -->
<testsuite hostname="TrangLe-PC" name="com.vsii.tsc.TSCSelenium03.tranglt.Test.LoginTest" tests="5" failures="0" timestamp="3 Mar 2016 04:40:44 GMT" time="27.420" errors="0">
  <testcase name="loginFail" time="5.486" classname="com.vsii.tsc.TSCSelenium03.tranglt.Test.LoginTest"/>
  <testcase name="loginFail" time="4.118" classname="com.vsii.tsc.TSCSelenium03.tranglt.Test.LoginTest"/>
  <testcase name="loginFail" time="10.031" classname="com.vsii.tsc.TSCSelenium03.tranglt.Test.LoginTest"/>
  <testcase name="loginFail" time="3.167" classname="com.vsii.tsc.TSCSelenium03.tranglt.Test.LoginTest"/>
  <testcase name="loginSucc" time="4.618" classname="com.vsii.tsc.TSCSelenium03.tranglt.Test.LoginTest"/>
</testsuite> <!-- com.vsii.tsc.TSCSelenium03.tranglt.Test.LoginTest -->
